<?xml version="1.0" encoding="UTF-8"?>
<testng-results skipped="0" failed="0" ignored="0" total="6" passed="6">
  <reporter-output>
  </reporter-output>
  <suite name="Default suite" duration-ms="102764" started-at="2022-05-22T12:19:42 CEST" finished-at="2022-05-22T12:21:25 CEST">
    <groups>
      <group name="cucumber">
        <method signature="AbstractTestNGCucumberTests.runScenario(io.cucumber.testng.PickleWrapper,io.cucumber.testng.FeatureWrapper)[pri:0, instance:runner.TestRunnerCucumber@15bfd87]" name="runScenario" class="io.cucumber.testng.AbstractTestNGCucumberTests"/>
      </group> <!-- cucumber -->
    </groups>
    <test name="Default test" duration-ms="102764" started-at="2022-05-22T12:19:42 CEST" finished-at="2022-05-22T12:21:25 CEST">
      <class name="runner.TestRunnerCucumber">
        <test-method status="PASS" signature="setUpClass(org.testng.ITestContext)[pri:0, instance:runner.TestRunnerCucumber@15bfd87]" name="setUpClass" is-config="true" duration-ms="1355" started-at="2022-05-22T12:19:42 CEST" finished-at="2022-05-22T12:19:43 CEST">
          <params>
            <param index="0">
              <value>
                <![CDATA[org.testng.TestRunner@4f213a2]]>
              </value>
            </param>
          </params>
          <reporter-output>
          </reporter-output>
        </test-method> <!-- setUpClass -->
        <test-method status="PASS" signature="runScenario(io.cucumber.testng.PickleWrapper,io.cucumber.testng.FeatureWrapper)[pri:0, instance:runner.TestRunnerCucumber@15bfd87]" name="runScenario" duration-ms="22359" started-at="2022-05-22T12:19:43 CEST" description="Runs Cucumber Scenarios" data-provider="scenarios" finished-at="2022-05-22T12:20:06 CEST">
          <params>
            <param index="0">
              <value>
                <![CDATA["Contact Customer Care for Product Inquiry"]]>
              </value>
            </param>
            <param index="1">
              <value>
                <![CDATA["Optional[Contact Customer Care for Product Inquiry]"]]>
              </value>
            </param>
          </params>
          <reporter-output>
          </reporter-output>
        </test-method> <!-- runScenario -->
        <test-method status="PASS" signature="runScenario(io.cucumber.testng.PickleWrapper,io.cucumber.testng.FeatureWrapper)[pri:0, instance:runner.TestRunnerCucumber@15bfd87]" name="runScenario" duration-ms="11184" started-at="2022-05-22T12:20:06 CEST" description="Runs Cucumber Scenarios" data-provider="scenarios" finished-at="2022-05-22T12:20:17 CEST">
          <params>
            <param index="0">
              <value>
                <![CDATA["Login to site with valid username and valid password"]]>
              </value>
            </param>
            <param index="1">
              <value>
                <![CDATA["Optional[Verify Login Page Scenarios]"]]>
              </value>
            </param>
          </params>
          <reporter-output>
          </reporter-output>
        </test-method> <!-- runScenario -->
        <test-method status="PASS" signature="runScenario(io.cucumber.testng.PickleWrapper,io.cucumber.testng.FeatureWrapper)[pri:0, instance:runner.TestRunnerCucumber@15bfd87]" name="runScenario" duration-ms="8259" started-at="2022-05-22T12:20:17 CEST" description="Runs Cucumber Scenarios" data-provider="scenarios" finished-at="2022-05-22T12:20:25 CEST">
          <params>
            <param index="0">
              <value>
                <![CDATA["Verify title of Login page"]]>
              </value>
            </param>
            <param index="1">
              <value>
                <![CDATA["Optional[Verify Login Page Scenarios]"]]>
              </value>
            </param>
          </params>
          <reporter-output>
          </reporter-output>
        </test-method> <!-- runScenario -->
        <test-method status="PASS" signature="runScenario(io.cucumber.testng.PickleWrapper,io.cucumber.testng.FeatureWrapper)[pri:0, instance:runner.TestRunnerCucumber@15bfd87]" name="runScenario" duration-ms="9488" started-at="2022-05-22T12:20:25 CEST" description="Runs Cucumber Scenarios" data-provider="scenarios" finished-at="2022-05-22T12:20:35 CEST">
          <params>
            <param index="0">
              <value>
                <![CDATA["Subscribe to the newsletter"]]>
              </value>
            </param>
            <param index="1">
              <value>
                <![CDATA["Optional[Subscribe to the newsletter]"]]>
              </value>
            </param>
          </params>
          <reporter-output>
          </reporter-output>
        </test-method> <!-- runScenario -->
        <test-method status="PASS" signature="runScenario(io.cucumber.testng.PickleWrapper,io.cucumber.testng.FeatureWrapper)[pri:0, instance:runner.TestRunnerCucumber@15bfd87]" name="runScenario" duration-ms="20698" started-at="2022-05-22T12:20:35 CEST" description="Runs Cucumber Scenarios" data-provider="scenarios" finished-at="2022-05-22T12:20:55 CEST">
          <params>
            <param index="0">
              <value>
                <![CDATA["Place order for first product"]]>
              </value>
            </param>
            <param index="1">
              <value>
                <![CDATA["Optional[Purchase first product]"]]>
              </value>
            </param>
          </params>
          <reporter-output>
          </reporter-output>
        </test-method> <!-- runScenario -->
        <test-method status="PASS" signature="runScenario(io.cucumber.testng.PickleWrapper,io.cucumber.testng.FeatureWrapper)[pri:0, instance:runner.TestRunnerCucumber@15bfd87]" name="runScenario" duration-ms="27479" started-at="2022-05-22T12:20:55 CEST" description="Runs Cucumber Scenarios" data-provider="scenarios" finished-at="2022-05-22T12:21:23 CEST">
          <params>
            <param index="0">
              <value>
                <![CDATA["Place order for casual dress"]]>
              </value>
            </param>
            <param index="1">
              <value>
                <![CDATA["Optional[Purchase first product]"]]>
              </value>
            </param>
          </params>
          <reporter-output>
          </reporter-output>
        </test-method> <!-- runScenario -->
        <test-method status="PASS" signature="tearDownClass()[pri:0, instance:runner.TestRunnerCucumber@15bfd87]" name="tearDownClass" is-config="true" duration-ms="1867" started-at="2022-05-22T12:21:23 CEST" finished-at="2022-05-22T12:21:25 CEST">
          <reporter-output>
          </reporter-output>
        </test-method> <!-- tearDownClass -->
      </class> <!-- runner.TestRunnerCucumber -->
    </test> <!-- Default test -->
  </suite> <!-- Default suite -->
</testng-results>
